# JRE version: Java(TM) SE Runtime Environment (8.0_91-b14) (build 1.8.0_91-b14)
# Java VM: Java HotSpot(TM) 64-Bit Server VM (25.91-b14 mixed mode bsd-amd64 compressed oops)
Heap:
 PSYoungGen      total 290816K, used 138192K [0x00000007aab00000, 0x00000007bed00000, 0x00000007c0000000)
  eden space 262656K, 43% used [0x00000007aab00000,0x00000007b1a00868,0x00000007bab80000)
  from space 28160K, 87% used [0x00000007bca80000,0x00000007be273b20,0x00000007be600000)
  to   space 31744K, 0% used [0x00000007bab80000,0x00000007bab80000,0x00000007bca80000)
 ParOldGen       total 87552K, used 43499K [0x0000000780000000, 0x0000000785580000, 0x00000007aab00000)
  object space 87552K, 49% used [0x0000000780000000,0x0000000782a7aec8,0x0000000785580000)
 Metaspace       used 6605K, capacity 7320K, committed 7680K, reserved 1056768K
  class space    used 624K, capacity 656K, committed 768K, reserved 1048576K
GC Heap History (10 events):
Event: 2.255 GC heap before
{Heap before GC invocations=2 (full 0):
 PSYoungGen      total 38400K, used 38120K [0x00000007aab00000, 0x00000007af600000, 0x00000007c0000000)
  eden space 33280K, 100% used [0x00000007aab00000,0x00000007acb80000,0x00000007acb80000)
  from space 5120K, 94% used [0x00000007acb80000,0x00000007ad03a388,0x00000007ad080000)
  to   space 5120K, 0% used [0x00000007af100000,0x00000007af100000,0x00000007af600000)
 ParOldGen       total 87552K, used 8K [0x0000000780000000, 0x0000000785580000, 0x00000007aab00000)
  object space 87552K, 0% used [0x0000000780000000,0x0000000780002000,0x0000000785580000)
 Metaspace       used 6020K, capacity 6896K, committed 7040K, reserved 1056768K
  class space    used 598K, capacity 616K, committed 640K, reserved 1048576K
Event: 2.264 GC heap after
Heap after GC invocations=2 (full 0):
 PSYoungGen      total 71680K, used 5104K [0x00000007aab00000, 0x00000007af600000, 0x00000007c0000000)
  eden space 66560K, 0% used [0x00000007aab00000,0x00000007aab00000,0x00000007aec00000)
  from space 5120K, 99% used [0x00000007af100000,0x00000007af5fc178,0x00000007af600000)
  to   space 5120K, 0% used [0x00000007aec00000,0x00000007aec00000,0x00000007af100000)
 ParOldGen       total 87552K, used 3703K [0x0000000780000000, 0x0000000785580000, 0x00000007aab00000)
  object space 87552K, 4% used [0x0000000780000000,0x000000078039dd00,0x0000000785580000)
 Metaspace       used 6020K, capacity 6896K, committed 7040K, reserved 1056768K
  class space    used 598K, capacity 616K, committed 640K, reserved 1048576K
}
Event: 3.100 GC heap before
{Heap before GC invocations=3 (full 0):
 PSYoungGen      total 71680K, used 71664K [0x00000007aab00000, 0x00000007af600000, 0x00000007c0000000)
  eden space 66560K, 100% used [0x00000007aab00000,0x00000007aec00000,0x00000007aec00000)
  from space 5120K, 99% used [0x00000007af100000,0x00000007af5fc178,0x00000007af600000)
  to   space 5120K, 0% used [0x00000007aec00000,0x00000007aec00000,0x00000007af100000)
 ParOldGen       total 87552K, used 3703K [0x0000000780000000, 0x0000000785580000, 0x00000007aab00000)
  object space 87552K, 4% used [0x0000000780000000,0x000000078039dd00,0x0000000785580000)
 Metaspace       used 6126K, capacity 7024K, committed 7296K, reserved 1056768K
  class space    used 598K, capacity 616K, committed 640K, reserved 1048576K
Event: 3.115 GC heap after
Heap after GC invocations=3 (full 0):
 PSYoungGen      total 71680K, used 5109K [0x00000007aab00000, 0x00000007b3700000, 0x00000007c0000000)
  eden space 66560K, 0% used [0x00000007aab00000,0x00000007aab00000,0x00000007aec00000)
  from space 5120K, 99% used [0x00000007aec00000,0x00000007af0fd590,0x00000007af100000)
  to   space 5120K, 0% used [0x00000007b3200000,0x00000007b3200000,0x00000007b3700000)
 ParOldGen       total 87552K, used 12857K [0x0000000780000000, 0x0000000785580000, 0x00000007aab00000)
  object space 87552K, 14% used [0x0000000780000000,0x0000000780c8e430,0x0000000785580000)
 Metaspace       used 6126K, capacity 7024K, committed 7296K, reserved 1056768K
  class space    used 598K, capacity 616K, committed 640K, reserved 1048576K
}
Event: 3.427 GC heap before
{Heap before GC invocations=4 (full 0):
 PSYoungGen      total 71680K, used 71669K [0x00000007aab00000, 0x00000007b3700000, 0x00000007c0000000)
  eden space 66560K, 100% used [0x00000007aab00000,0x00000007aec00000,0x00000007aec00000)
  from space 5120K, 99% used [0x00000007aec00000,0x00000007af0fd590,0x00000007af100000)
  to   space 5120K, 0% used [0x00000007b3200000,0x00000007b3200000,0x00000007b3700000)
 ParOldGen       total 87552K, used 12857K [0x0000000780000000, 0x0000000785580000, 0x00000007aab00000)
  object space 87552K, 14% used [0x0000000780000000,0x0000000780c8e430,0x0000000785580000)
 Metaspace       used 6134K, capacity 7024K, committed 7296K, reserved 1056768K
  class space    used 598K, capacity 616K, committed 640K, reserved 1048576K
Event: 3.445 GC heap after
Heap after GC invocations=4 (full 0):
 PSYoungGen      total 138240K, used 5097K [0x00000007aab00000, 0x00000007b3700000, 0x00000007c0000000)
  eden space 133120K, 0% used [0x00000007aab00000,0x00000007aab00000,0x00000007b2d00000)
  from space 5120K, 99% used [0x00000007b3200000,0x00000007b36fa568,0x00000007b3700000)
  to   space 5120K, 0% used [0x00000007b2d00000,0x00000007b2d00000,0x00000007b3200000)
 ParOldGen       total 87552K, used 22648K [0x0000000780000000, 0x0000000785580000, 0x00000007aab00000)
  object space 87552K, 25% used [0x0000000780000000,0x000000078161e368,0x0000000785580000)
 Metaspace       used 6134K, capacity 7024K, committed 7296K, reserved 1056768K
  class space    used 598K, capacity 616K, committed 640K, reserved 1048576K
}
Event: 4.414 GC heap before
{Heap before GC invocations=5 (full 0):
 PSYoungGen      total 138240K, used 138217K [0x00000007aab00000, 0x00000007b3700000, 0x00000007c0000000)
  eden space 133120K, 100% used [0x00000007aab00000,0x00000007b2d00000,0x00000007b2d00000)
  from space 5120K, 99% used [0x00000007b3200000,0x00000007b36fa568,0x00000007b3700000)
  to   space 5120K, 0% used [0x00000007b2d00000,0x00000007b2d00000,0x00000007b3200000)
 ParOldGen       total 87552K, used 22648K [0x0000000780000000, 0x0000000785580000, 0x00000007aab00000)
  object space 87552K, 25% used [0x0000000780000000,0x000000078161e368,0x0000000785580000)
 Metaspace       used 6312K, capacity 7128K, committed 7424K, reserved 1056768K
  class space    used 619K, capacity 656K, committed 768K, reserved 1048576K
Event: 4.443 GC heap after
Heap after GC invocations=5 (full 0):
 PSYoungGen      total 138240K, used 5118K [0x00000007aab00000, 0x00000007be600000, 0x00000007c0000000)
  eden space 133120K, 0% used [0x00000007aab00000,0x00000007aab00000,0x00000007b2d00000)
  from space 5120K, 99% used [0x00000007b2d00000,0x00000007b31ff8a0,0x00000007b3200000)
  to   space 28160K, 0% used [0x00000007bca80000,0x00000007bca80000,0x00000007be600000)
 ParOldGen       total 87552K, used 43499K [0x0000000780000000, 0x0000000785580000, 0x00000007aab00000)
  object space 87552K, 49% used [0x0000000780000000,0x0000000782a7aec8,0x0000000785580000)
 Metaspace       used 6312K, capacity 7128K, committed 7424K, reserved 1056768K
  class space    used 619K, capacity 656K, committed 768K, reserved 1048576K
}
Event: 5.675 GC heap before
{Heap before GC invocations=6 (full 0):
 PSYoungGen      total 138240K, used 138238K [0x00000007aab00000, 0x00000007be600000, 0x00000007c0000000)
  eden space 133120K, 100% used [0x00000007aab00000,0x00000007b2d00000,0x00000007b2d00000)
  from space 5120K, 99% used [0x00000007b2d00000,0x00000007b31ff8a0,0x00000007b3200000)
  to   space 28160K, 0% used [0x00000007bca80000,0x00000007bca80000,0x00000007be600000)
 ParOldGen       total 87552K, used 43499K [0x0000000780000000, 0x0000000785580000, 0x00000007aab00000)
  object space 87552K, 49% used [0x0000000780000000,0x0000000782a7aec8,0x0000000785580000)
 Metaspace       used 6449K, capacity 7192K, committed 7424K, reserved 1056768K
  class space    used 619K, capacity 656K, committed 768K, reserved 1048576K
Event: 5.820 GC heap after
Heap after GC invocations=6 (full 0):
 PSYoungGen      total 290816K, used 24526K [0x00000007aab00000, 0x00000007bed00000, 0x00000007c0000000)
  eden space 262656K, 0% used [0x00000007aab00000,0x00000007aab00000,0x00000007bab80000)
  from space 28160K, 87% used [0x00000007bca80000,0x00000007be273b20,0x00000007be600000)
  to   space 31744K, 0% used [0x00000007bab80000,0x00000007bab80000,0x00000007bca80000)
 ParOldGen       total 87552K, used 43499K [0x0000000780000000, 0x0000000785580000, 0x00000007aab00000)
  object space 87552K, 49% used [0x0000000780000000,0x0000000782a7aec8,0x0000000785580000)
 Metaspace       used 6449K, capacity 7192K, committed 7424K, reserved 1056768K
  class space    used 619K, capacity 656K, committed 768K, reserved 1048576K
}

